#
# A fatal error has been detected by the Java Runtime Environment:
#
#  EXCEPTION_ACCESS_VIOLATION (0xc0000005) at pc=0x0000000068f2cc4d, pid=7196, tid=0x0000000000002ddc
#
# JRE version: OpenJDK Runtime Environment (8.0_202-b03) (build 1.8.0_202-release-1483-b03)
# Java VM: OpenJDK 64-Bit Server VM (25.202-b03 mixed mode windows-amd64 compressed oops)
# Problematic frame:
# V  [jvm.dll+0x43cc4d]
#
# Failed to write core dump. Minidumps are not enabled by default on client versions of Windows
#
# If you would like to submit a bug report, please visit:
#   http://bugreport.java.com/bugreport/crash.jsp
#

---------------  T H R E A D  ---------------

Current thread (0x000000001820e000):  JavaThread "C2 CompilerThread1" daemon [_thread_in_native, id=11740, stack(0x0000000018be0000,0x0000000018ce0000)]

siginfo: ExceptionCode=0xc0000005, reading address 0x0000000000000058

Registers:
RAX=0x0000000000000000, RBX=0x0000000018cdea70, RCX=0x000000002018c4a8, RDX=0x0000000024b31cd8
RSP=0x0000000018cdbaf0, RBP=0x0000000000000004, RSI=0x000000001c7403f0, RDI=0x000000002018c4a8
R8 =0x000000002018c488, R9 =0x000000001c740301, R10=0x0000000000003fff, R11=0x000000002018c488
R12=0x0000000000000000, R13=0x0000000000000014, R14=0x0000000000000000, R15=0x000000002018c4a8
RIP=0x0000000068f2cc4d, EFLAGS=0x0000000000010202

Top of Stack: (sp=0x0000000018cdbaf0)
0x0000000018cdbaf0:   0000000018cdea70 000000001c7403f0
0x0000000018cdbb00:   000000001c7403f0 0000000000000000
0x0000000018cdbb10:   0000000000000014 0000000000000000
0x0000000018cdbb20:   0000000000000000 000000007fffffff
0x0000000018cdbb30:   000000002bc78ad0 0000000000000000
0x0000000018cdbb40:   000000002018a720 0000000018257c00
0x0000000018cdbb50:   000000002038a1a0 0000000000000078
0x0000000018cdbb60:   000000001c4d8e80 0000000018cdc940
0x0000000018cdbb70:   0000000018cdea70 0000000068f2d0f5
0x0000000018cdbb80:   0000000018cdea70 000000007fffff00
0x0000000018cdbb90:   000000001c7403f0 0000000000000000
0x0000000018cdbba0:   000000002038a1f0 000000002038a1a0
0x0000000018cdbbb0:   0000000000000001 0000000018cdc940
0x0000000018cdbbc0:   000000002038a1f0 0000000068faa3f4
0x0000000018cdbbd0:   0000000018cdc940 000000001c4d8e80
0x0000000018cdbbe0:   000000002018a720 000000001c8d79c0 

Instructions: (pc=0x0000000068f2cc4d)
0x0000000068f2cc2d:   33 c0 48 8b d0 44 89 74 24 28 44 89 6c 24 20 e8
0x0000000068f2cc3d:   8f 33 0c 00 48 8b f8 4c 8b f8 49 8b 07 49 8b cf
0x0000000068f2cc4d:   ff 50 58 48 85 c0 74 56 49 8b 07 41 8b 5f 34 41
0x0000000068f2cc5d:   8b 7f 18 49 8b 77 20 41 0f b6 6f 30 45 8b 67 1c 


Register to memory mapping:

RAX=0x0000000000000000 is an unknown value
RBX=0x0000000018cdea70 is pointing into the stack for thread: 0x000000001820e000
RCX=0x000000002018c4a8 is an unknown value
RDX=0x0000000024b31cd8 is an unknown value
RSP=0x0000000018cdbaf0 is pointing into the stack for thread: 0x000000001820e000
RBP=0x0000000000000004 is an unknown value
RSI=0x000000001c7403f0 is an unknown value
RDI=0x000000002018c4a8 is an unknown value
R8 =0x000000002018c488 is an unknown value
R9 =0x000000001c740301 is an unknown value
R10=0x0000000000003fff is an unknown value
R11=0x000000002018c488 is an unknown value
R12=0x0000000000000000 is an unknown value
R13=0x0000000000000014 is an unknown value
R14=0x0000000000000000 is an unknown value
R15=0x000000002018c4a8 is an unknown value


Stack: [0x0000000018be0000,0x0000000018ce0000],  sp=0x0000000018cdbaf0,  free space=1006k
Native frames: (J=compiled Java code, j=interpreted, Vv=VM code, C=native code)
V  [jvm.dll+0x43cc4d]
V  [jvm.dll+0x43d0f5]
V  [jvm.dll+0x4ba3f4]
V  [jvm.dll+0x4be209]
V  [jvm.dll+0x4de1d3]
V  [jvm.dll+0x4ddbca]
V  [jvm.dll+0x43f798]
V  [jvm.dll+0x442807]
V  [jvm.dll+0x444224]
V  [jvm.dll+0x4273d2]
V  [jvm.dll+0x8215f]
V  [jvm.dll+0x82abf]
V  [jvm.dll+0x21db7f]
V  [jvm.dll+0x26f5ba]
C  [msvcr100.dll+0x21d9f]
C  [msvcr100.dll+0x21e3b]
C  [KERNEL32.DLL+0x17bd4]
C  [ntdll.dll+0x6ced1]


Current CompileTask:
C2:20903028 29101       4       com.sun.tools.javac.jvm.ClassWriter::writePool (1051 bytes)


---------------  P R O C E S S  ---------------

Java Threads: ( => current thread )
  0x000000001a289000 JavaThread "Cache worker for Java compile cache (C:\Users\DevSandy\D2Duserapp\.gradle\5.4.1\javaCompile)" [_thread_blocked, id=12488, stack(0x000000002fc00000,0x000000002fd00000)]
  0x000000001a280000 JavaThread "WorkerExecutor Queue Thread 4" [_thread_blocked, id=3172, stack(0x000000002eb20000,0x000000002ec20000)]
  0x000000001a281800 JavaThread "WorkerExecutor Queue Thread 3" [_thread_blocked, id=13552, stack(0x000000002ea20000,0x000000002eb20000)]
  0x000000001a27f800 JavaThread "stdout" [_thread_in_native, id=7968, stack(0x0000000029400000,0x0000000029500000)]
  0x000000001a27e800 JavaThread "stderr" [_thread_in_native, id=9632, stack(0x0000000029300000,0x0000000029400000)]
  0x000000001a27e000 JavaThread "stdout" [_thread_in_native, id=7120, stack(0x0000000029200000,0x0000000029300000)]
  0x000000001a281000 JavaThread "stderr" [_thread_in_native, id=12016, stack(0x0000000028700000,0x0000000028800000)]
  0x000000001a284800 JavaThread "WorkerExecutor Queue Thread 2" [_thread_blocked, id=6644, stack(0x0000000028600000,0x0000000028700000)]
  0x000000001c3b3800 JavaThread "pool-127-thread-1" [_thread_blocked, id=1988, stack(0x0000000028500000,0x0000000028600000)]
  0x000000001c3b8000 JavaThread "WorkerExecutor Queue" [_thread_blocked, id=8300, stack(0x0000000027e00000,0x0000000027f00000)]
  0x000000001c3b7800 JavaThread "Cache worker for execution history cache (C:\Users\DevSandy\D2Duserapp\.gradle\5.4.1\executionHistory)" [_thread_blocked, id=14184, stack(0x0000000027930000,0x0000000027a30000)]
  0x000000001c3b6000 JavaThread "Execution worker for ':' Thread 7" [_thread_blocked, id=1944, stack(0x0000000027830000,0x0000000027930000)]
  0x000000001c3b3000 JavaThread "Execution worker for ':' Thread 6" [_thread_in_native, id=7216, stack(0x0000000027730000,0x0000000027830000)]
  0x000000001c3b9800 JavaThread "Execution worker for ':' Thread 5" [_thread_blocked, id=2152, stack(0x0000000027630000,0x0000000027730000)]
  0x000000001c3b5000 JavaThread "Execution worker for ':' Thread 4" [_thread_blocked, id=12816, stack(0x0000000027330000,0x0000000027430000)]
  0x000000001c3b0000 JavaThread "Execution worker for ':' Thread 3" [_thread_blocked, id=5536, stack(0x0000000027230000,0x0000000027330000)]
  0x000000001c3b4800 JavaThread "Execution worker for ':' Thread 2" [_thread_blocked, id=9420, stack(0x0000000026b30000,0x0000000026c30000)]
  0x000000001c3ab800 JavaThread "Execution worker for ':'" [_thread_blocked, id=13680, stack(0x00000000267a0000,0x00000000268a0000)]
  0x000000001c3af000 JavaThread "Cache worker for file content cache (C:\Users\DevSandy\D2Duserapp\.gradle\5.4.1\fileContent)" [_thread_blocked, id=11160, stack(0x00000000240e0000,0x00000000241e0000)]
  0x000000001c3ae800 JavaThread "Cache worker for Build Output Cleanup Cache (C:\Users\DevSandy\D2Duserapp\.gradle\buildOutputCleanup)" [_thread_blocked, id=3088, stack(0x0000000023ee0000,0x0000000023fe0000)]
  0x000000001c3b2000 JavaThread "Build operations Thread 8" [_thread_blocked, id=7260, stack(0x00000000233e0000,0x00000000234e0000)]
  0x000000001c3aa800 JavaThread "Build operations Thread 7" [_thread_blocked, id=10512, stack(0x0000000022ce0000,0x0000000022de0000)]
  0x000000001c3ad800 JavaThread "Build operations Thread 6" [_thread_blocked, id=12328, stack(0x0000000022be0000,0x0000000022ce0000)]
  0x000000001c3ad000 JavaThread "Build operations Thread 5" [_thread_blocked, id=7784, stack(0x0000000022ae0000,0x0000000022be0000)]
  0x000000001c3b1800 JavaThread "Build operations Thread 4" [_thread_blocked, id=10364, stack(0x00000000229e0000,0x0000000022ae0000)]
  0x000000001c3b0800 JavaThread "Build operations Thread 3" [_thread_blocked, id=14272, stack(0x00000000226b0000,0x00000000227b0000)]
  0x0000000020336800 JavaThread "Build operations Thread 2" [_thread_blocked, id=5056, stack(0x00000000225b0000,0x00000000226b0000)]
  0x000000002032f000 JavaThread "Build operations" [_thread_blocked, id=13776, stack(0x00000000214e0000,0x00000000215e0000)]
  0x0000000020336000 JavaThread "Cache worker for cache directory md-rule (C:\Users\DevSandy\.gradle\caches\5.4.1\md-rule)" [_thread_blocked, id=7944, stack(0x00000000213e0000,0x00000000214e0000)]
  0x000000002032e800 JavaThread "Cache worker for cache directory md-supplier (C:\Users\DevSandy\.gradle\caches\5.4.1\md-supplier)" [_thread_blocked, id=9168, stack(0x000000001f740000,0x000000001f840000)]
  0x000000002032d800 JavaThread "Cache worker for file hash cache (C:\Users\DevSandy\D2Duserapp\.gradle\5.4.1\fileHashes)" [_thread_blocked, id=13472, stack(0x000000001b870000,0x000000001b970000)]
  0x0000000020330800 JavaThread "Thread-1349" [_thread_blocked, id=12796, stack(0x000000001b770000,0x000000001b870000)]
  0x0000000020333800 JavaThread "Stdin handler" [_thread_blocked, id=8864, stack(0x000000001b670000,0x000000001b770000)]
  0x0000000020327800 JavaThread "Asynchronous log dispatcher for DefaultDaemonConnection: socket connection from /127.0.0.1:52298 to /127.0.0.1:54639" [_thread_blocked, id=2312, stack(0x000000001b370000,0x000000001b470000)]
  0x000000002032c800 JavaThread "Daemon worker Thread 18" [_thread_blocked, id=6424, stack(0x000000001b270000,0x000000001b370000)]
  0x000000002032c000 JavaThread "Cancel handler" [_thread_blocked, id=10020, stack(0x0000000000b90000,0x0000000000c90000)]
  0x000000002032a800 JavaThread "Handler for socket connection from /127.0.0.1:52298 to /127.0.0.1:54639" [_thread_in_native, id=13392, stack(0x0000000000a90000,0x0000000000b90000)]
  0x0000000020329800 JavaThread "Daemon Thread 18" [_thread_blocked, id=7096, stack(0x0000000000990000,0x0000000000a90000)]
  0x000000001a286000 JavaThread "Cache worker for Java compile cache (C:\Users\DevSandy\.gradle\caches\5.4.1\javaCompile)" [_thread_blocked, id=13844, stack(0x0000000027a30000,0x0000000027b30000)]
  0x0000000021715000 JavaThread "Cache worker for file content cache (C:\Users\DevSandy\.gradle\caches\5.4.1\fileContent)" [_thread_blocked, id=11988, stack(0x0000000023fe0000,0x00000000240e0000)]
  0x000000002171b000 JavaThread "Memory manager" [_thread_blocked, id=6252, stack(0x00000000242a0000,0x00000000243a0000)]
  0x0000000021717000 JavaThread "Cache worker for execution history cache (C:\Users\DevSandy\.gradle\caches\5.4.1\executionHistory)" [_thread_blocked, id=14312, stack(0x00000000210e0000,0x00000000211e0000)]
  0x000000001a071800 JavaThread "Cache worker for journal cache (C:\Users\DevSandy\.gradle\caches\journal-1)" [_thread_blocked, id=3452, stack(0x000000001be70000,0x000000001bf70000)]
  0x000000001a06e800 JavaThread "File lock request listener" [_thread_in_native, id=3228, stack(0x000000001bd70000,0x000000001be70000)]
  0x000000001a071000 JavaThread "Cache worker for file hash cache (C:\Users\DevSandy\.gradle\caches\5.4.1\fileHashes)" [_thread_blocked, id=7664, stack(0x000000001bc70000,0x000000001bd70000)]
  0x00000000193b1000 JavaThread "Daemon periodic checks" [_thread_blocked, id=11832, stack(0x000000001b170000,0x000000001b270000)]
  0x00000000193c6800 JavaThread "Incoming local TCP Connector on port 52298" [_thread_in_native, id=10216, stack(0x000000001af30000,0x000000001b030000)]
  0x000000001a0c5000 JavaThread "Daemon health stats" [_thread_blocked, id=8372, stack(0x000000001a8f0000,0x000000001a9f0000)]
  0x00000000182a0800 JavaThread "Service Thread" daemon [_thread_blocked, id=9180, stack(0x0000000018ee0000,0x0000000018fe0000)]
  0x000000001821b000 JavaThread "C1 CompilerThread3" daemon [_thread_blocked, id=2600, stack(0x0000000018de0000,0x0000000018ee0000)]
  0x000000001641c000 JavaThread "C2 CompilerThread2" daemon [_thread_blocked, id=5884, stack(0x0000000018ce0000,0x0000000018de0000)]
=>0x000000001820e000 JavaThread "C2 CompilerThread1" daemon [_thread_in_native, id=11740, stack(0x0000000018be0000,0x0000000018ce0000)]
  0x000000001820a800 JavaThread "C2 CompilerThread0" daemon [_thread_blocked, id=10124, stack(0x0000000018ae0000,0x0000000018be0000)]
  0x000000001820a000 JavaThread "Attach Listener" daemon [_thread_blocked, id=6752, stack(0x00000000189e0000,0x0000000018ae0000)]
  0x0000000018215800 JavaThread "Signal Dispatcher" daemon [_thread_blocked, id=9056, stack(0x00000000188e0000,0x00000000189e0000)]
  0x000000000264c800 JavaThread "Finalizer" daemon [_thread_blocked, id=11992, stack(0x00000000186e0000,0x00000000187e0000)]
  0x0000000018200800 JavaThread "Reference Handler" daemon [_thread_blocked, id=6612, stack(0x00000000185e0000,0x00000000186e0000)]
  0x0000000002552800 JavaThread "main" [_thread_blocked, id=8792, stack(0x0000000002430000,0x0000000002530000)]

Other Threads:
  0x0000000016406800 VMThread [stack: 0x00000000180e0000,0x00000000181e0000] [id=1204]
  0x00000000182a1000 WatcherThread [stack: 0x0000000018fe0000,0x00000000190e0000] [id=10656]

VM state:not at safepoint (normal execution)

VM Mutex/Monitor currently owned by a thread: None

heap address: 0x00000000a0000000, size: 1536 MB, Compressed Oops mode: 32-bit
Narrow klass base: 0x0000000000000000, Narrow klass shift: 3
Compressed class space size: 1073741824 Address: 0x0000000100000000

Heap:
 PSYoungGen      total 465920K, used 126771K [0x00000000e0000000, 0x0000000100000000, 0x0000000100000000)
  eden space 414208K, 23% used [0x00000000e0000000,0x00000000e5e70c40,0x00000000f9480000)
  from space 51712K, 58% used [0x00000000f9480000,0x00000000fb1dc138,0x00000000fc700000)
  to   space 53248K, 0% used [0x00000000fcc00000,0x00000000fcc00000,0x0000000100000000)
 ParOldGen       total 161280K, used 126101K [0x00000000a0000000, 0x00000000a9d80000, 0x00000000e0000000)
  object space 161280K, 78% used [0x00000000a0000000,0x00000000a7b256d8,0x00000000a9d80000)
 Metaspace       used 93895K, capacity 100298K, committed 100568K, reserved 1136640K
  class space    used 11833K, capacity 12929K, committed 13056K, reserved 1048576K

Card table byte_map: [0x0000000011a10000,0x0000000011d20000] byte_map_base: 0x0000000011510000

Marking Bits: (ParMarkBitMap*) 0x00000000692b9f30
 Begin Bits: [0x0000000012720000, 0x0000000013f20000)
 End Bits:   [0x0000000013f20000, 0x0000000015720000)

Polling page: 0x00000000003f0000

CodeCache: size=245760Kb used=80187Kb max_used=80597Kb free=165572Kb
 bounds [0x0000000002650000, 0x0000000007590000, 0x0000000011650000]
 total_blobs=22821 nmethods=21966 adapters=766
 compilation: enabled

Compilation events (10 events):
Event: 20895.609 Thread 0x000000001641c000 nmethod 29104 0x0000000003bf0950 code [0x0000000003bf0aa0, 0x0000000003bf0b98]
Event: 20895.609 Thread 0x000000001641c000 29103       4       com.sun.tools.javac.jvm.Items$StackItem::duplicate (26 bytes)
Event: 20895.611 Thread 0x000000001641c000 nmethod 29103 0x0000000003c67290 code [0x0000000003c673e0, 0x0000000003c674a8]
Event: 20896.898 Thread 0x000000001641c000 29105       4       com.sun.tools.javac.jvm.Gen::normalizeDefs (652 bytes)
Event: 20896.899 Thread 0x000000001820a800 nmethod 29099 0x0000000006539410 code [0x0000000006539900, 0x000000000653d898]
Event: 20896.907 Thread 0x000000001820a800 29106       4       com.sun.tools.javac.jvm.Items$Item::coerce (99 bytes)
Event: 20896.914 Thread 0x000000001820a800 nmethod 29106 0x0000000005e9dd90 code [0x0000000005e9dec0, 0x0000000005e9df58]
Event: 20896.914 Thread 0x000000001820a800 29107 %     4       com.sun.tools.javac.jvm.ClassWriter::writeFields @ 6 (68 bytes)
Event: 20896.935 Thread 0x000000001820a800 nmethod 29107% 0x0000000003c69210 code [0x0000000003c69380, 0x0000000003c696a8]
Event: 20897.820 Thread 0x000000001641c000 nmethod 29105 0x000000000652c790 code [0x000000000652cfc0, 0x0000000006532320]

GC Heap History (10 events):
Event: 3816.164 GC heap before
{Heap before GC invocations=69 (full 4):
 PSYoungGen      total 460800K, used 409374K [0x00000000e0000000, 0x00000000ffb00000, 0x0000000100000000)
  eden space 402432K, 99% used [0x00000000e0000000,0x00000000f888b938,0x00000000f8900000)
  from space 58368K, 12% used [0x00000000fc200000,0x00000000fc93c138,0x00000000ffb00000)
  to   space 58368K, 0% used [0x00000000f8900000,0x00000000f8900000,0x00000000fc200000)
 ParOldGen       total 161280K, used 126061K [0x00000000a0000000, 0x00000000a9d80000, 0x00000000e0000000)
  object space 161280K, 78% used [0x00000000a0000000,0x00000000a7b1b6d8,0x00000000a9d80000)
 Metaspace       used 93253K, capacity 99634K, committed 100056K, reserved 1136640K
  class space    used 11809K, capacity 12857K, committed 13056K, reserved 1048576K
Event: 3816.177 GC heap after
Heap after GC invocations=69 (full 4):
 PSYoungGen      total 460800K, used 7232K [0x00000000e0000000, 0x00000000ffd00000, 0x0000000100000000)
  eden space 402432K, 0% used [0x00000000e0000000,0x00000000e0000000,0x00000000f8900000)
  from space 58368K, 12% used [0x00000000f8900000,0x00000000f9010398,0x00000000fc200000)
  to   space 56832K, 0% used [0x00000000fc580000,0x00000000fc580000,0x00000000ffd00000)
 ParOldGen       total 161280K, used 126069K [0x00000000a0000000, 0x00000000a9d80000, 0x00000000e0000000)
  object space 161280K, 78% used [0x00000000a0000000,0x00000000a7b1d6d8,0x00000000a9d80000)
 Metaspace       used 93253K, capacity 99634K, committed 100056K, reserved 1136640K
  class space    used 11809K, capacity 12857K, committed 13056K, reserved 1048576K
}
Event: 3917.314 GC heap before
{Heap before GC invocations=70 (full 4):
 PSYoungGen      total 460800K, used 409664K [0x00000000e0000000, 0x00000000ffd00000, 0x0000000100000000)
  eden space 402432K, 100% used [0x00000000e0000000,0x00000000f8900000,0x00000000f8900000)
  from space 58368K, 12% used [0x00000000f8900000,0x00000000f9010398,0x00000000fc200000)
  to   space 56832K, 0% used [0x00000000fc580000,0x00000000fc580000,0x00000000ffd00000)
 ParOldGen       total 161280K, used 126069K [0x00000000a0000000, 0x00000000a9d80000, 0x00000000e0000000)
  object space 161280K, 78% used [0x00000000a0000000,0x00000000a7b1d6d8,0x00000000a9d80000)
 Metaspace       used 93337K, capacity 99702K, committed 100056K, reserved 1136640K
  class space    used 11810K, capacity 12857K, committed 13056K, reserved 1048576K
Event: 3917.323 GC heap after
Heap after GC invocations=70 (full 4):
 PSYoungGen      total 464384K, used 3856K [0x00000000e0000000, 0x00000000ffb80000, 0x0000000100000000)
  eden space 409088K, 0% used [0x00000000e0000000,0x00000000e0000000,0x00000000f8f80000)
  from space 55296K, 6% used [0x00000000fc580000,0x00000000fc944240,0x00000000ffb80000)
  to   space 55296K, 0% used [0x00000000f8f80000,0x00000000f8f80000,0x00000000fc580000)
 ParOldGen       total 161280K, used 126077K [0x00000000a0000000, 0x00000000a9d80000, 0x00000000e0000000)
  object space 161280K, 78% used [0x00000000a0000000,0x00000000a7b1f6d8,0x00000000a9d80000)
 Metaspace       used 93337K, capacity 99702K, committed 100056K, reserved 1136640K
  class space    used 11810K, capacity 12857K, committed 13056K, reserved 1048576K
}
Event: 3955.176 GC heap before
{Heap before GC invocations=71 (full 4):
 PSYoungGen      total 464384K, used 412944K [0x00000000e0000000, 0x00000000ffb80000, 0x0000000100000000)
  eden space 409088K, 100% used [0x00000000e0000000,0x00000000f8f80000,0x00000000f8f80000)
  from space 55296K, 6% used [0x00000000fc580000,0x00000000fc944240,0x00000000ffb80000)
  to   space 55296K, 0% used [0x00000000f8f80000,0x00000000f8f80000,0x00000000fc580000)
 ParOldGen       total 161280K, used 126077K [0x00000000a0000000, 0x00000000a9d80000, 0x00000000e0000000)
  object space 161280K, 78% used [0x00000000a0000000,0x00000000a7b1f6d8,0x00000000a9d80000)
 Metaspace       used 93364K, capacity 99766K, committed 100312K, reserved 1136640K
  class space    used 11810K, capacity 12857K, committed 13056K, reserved 1048576K
Event: 3955.205 GC heap after
Heap after GC invocations=71 (full 4):
 PSYoungGen      total 464384K, used 10800K [0x00000000e0000000, 0x00000000ffa00000, 0x0000000100000000)
  eden space 409088K, 0% used [0x00000000e0000000,0x00000000e0000000,0x00000000f8f80000)
  from space 55296K, 19% used [0x00000000f8f80000,0x00000000f9a0c198,0x00000000fc580000)
  to   space 52224K, 0% used [0x00000000fc700000,0x00000000fc700000,0x00000000ffa00000)
 ParOldGen       total 161280K, used 126085K [0x00000000a0000000, 0x00000000a9d80000, 0x00000000e0000000)
  object space 161280K, 78% used [0x00000000a0000000,0x00000000a7b216d8,0x00000000a9d80000)
 Metaspace       used 93364K, capacity 99766K, committed 100312K, reserved 1136640K
  class space    used 11810K, capacity 12857K, committed 13056K, reserved 1048576K
}
Event: 6466.486 GC heap before
{Heap before GC invocations=72 (full 4):
 PSYoungGen      total 464384K, used 418815K [0x00000000e0000000, 0x00000000ffa00000, 0x0000000100000000)
  eden space 409088K, 99% used [0x00000000e0000000,0x00000000f8e73d58,0x00000000f8f80000)
  from space 55296K, 19% used [0x00000000f8f80000,0x00000000f9a0c198,0x00000000fc580000)
  to   space 52224K, 0% used [0x00000000fc700000,0x00000000fc700000,0x00000000ffa00000)
 ParOldGen       total 161280K, used 126085K [0x00000000a0000000, 0x00000000a9d80000, 0x00000000e0000000)
  object space 161280K, 78% used [0x00000000a0000000,0x00000000a7b216d8,0x00000000a9d80000)
 Metaspace       used 93447K, capacity 99830K, committed 100312K, reserved 1136640K
  class space    used 11810K, capacity 12857K, committed 13056K, reserved 1048576K
Event: 6466.569 GC heap after
Heap after GC invocations=72 (full 4):
 PSYoungGen      total 466432K, used 23972K [0x00000000e0000000, 0x00000000ffa00000, 0x0000000100000000)
  eden space 414208K, 0% used [0x00000000e0000000,0x00000000e0000000,0x00000000f9480000)
  from space 52224K, 45% used [0x00000000fc700000,0x00000000fde69178,0x00000000ffa00000)
  to   space 51712K, 0% used [0x00000000f9480000,0x00000000f9480000,0x00000000fc700000)
 ParOldGen       total 161280K, used 126093K [0x00000000a0000000, 0x00000000a9d80000, 0x00000000e0000000)
  object space 161280K, 78% used [0x00000000a0000000,0x00000000a7b236d8,0x00000000a9d80000)
 Metaspace       used 93447K, capacity 99830K, committed 100312K, reserved 1136640K
  class space    used 11810K, capacity 12857K, committed 13056K, reserved 1048576K
}
Event: 8896.544 GC heap before
{Heap before GC invocations=73 (full 4):
 PSYoungGen      total 466432K, used 438180K [0x00000000e0000000, 0x00000000ffa00000, 0x0000000100000000)
  eden space 414208K, 100% used [0x00000000e0000000,0x00000000f9480000,0x00000000f9480000)
  from space 52224K, 45% used [0x00000000fc700000,0x00000000fde69178,0x00000000ffa00000)
  to   space 51712K, 0% used [0x00000000f9480000,0x00000000f9480000,0x00000000fc700000)
 ParOldGen       total 161280K, used 126093K [0x00000000a0000000, 0x00000000a9d80000, 0x00000000e0000000)
  object space 161280K, 78% used [0x00000000a0000000,0x00000000a7b236d8,0x00000000a9d80000)
 Metaspace       used 93559K, capacity 99936K, committed 100312K, reserved 1136640K
  class space    used 11812K, capacity 12891K, committed 13056K, reserved 1048576K
Event: 8897.434 GC heap after
Heap after GC invocations=73 (full 4):
 PSYoungGen      total 465920K, used 30064K [0x00000000e0000000, 0x0000000100000000, 0x0000000100000000)
  eden space 414208K, 0% used [0x00000000e0000000,0x00000000e0000000,0x00000000f9480000)
  from space 51712K, 58% used [0x00000000f9480000,0x00000000fb1dc138,0x00000000fc700000)
  to   space 53248K, 0% used [0x00000000fcc00000,0x00000000fcc00000,0x0000000100000000)
 ParOldGen       total 161280K, used 126101K [0x00000000a0000000, 0x00000000a9d80000, 0x00000000e0000000)
  object space 161280K, 78% used [0x00000000a0000000,0x00000000a7b256d8,0x00000000a9d80000)
 Metaspace       used 93559K, capacity 99936K, committed 100312K, reserved 1136640K
  class space    used 11812K, capacity 12891K, committed 13056K, reserved 1048576K
}

Deoptimization events (10 events):
Event: 8900.600 Thread 0x000000001c3b3000 Uncommon trap: reason=bimorphic action=maybe_recompile pc=0x0000000004cce99c method=com.sun.tools.javac.comp.Lower.boxIfNeeded(Lcom/sun/tools/javac/tree/JCTree;Lcom/sun/tools/javac/code/Type;)Lcom/sun/tools/javac/tree/JCTree; @ 4
Event: 8900.600 Thread 0x000000001c3b3000 Uncommon trap: reason=bimorphic action=maybe_recompile pc=0x0000000004bef668 method=com.sun.tools.javac.comp.Lower.boxIfNeeded(Lcom/sun/tools/javac/tree/JCTree;Lcom/sun/tools/javac/code/Type;)Lcom/sun/tools/javac/tree/JCTree; @ 4
Event: 8900.605 Thread 0x000000001c3b3000 Uncommon trap: reason=unstable_if action=reinterpret pc=0x0000000004c714d4 method=com.sun.tools.javac.comp.Lower$1.visitVarDef(Lcom/sun/tools/javac/tree/JCTree$JCVariableDecl;)V @ 11
Event: 8900.606 Thread 0x000000001c3b3000 Uncommon trap: reason=unstable_if action=reinterpret pc=0x0000000004c1d86c method=com.sun.tools.javac.comp.Check.checkConflicts(Lcom/sun/tools/javac/util/JCDiagnostic$DiagnosticPosition;Lcom/sun/tools/javac/code/Symbol;Lcom/sun/tools/javac/code/Symbol$Typ
Event: 8900.737 Thread 0x000000001c3b3000 Uncommon trap: reason=unstable_if action=reinterpret pc=0x0000000004d25f80 method=com.sun.tools.javac.model.FilteredMemberList.unwanted(Lcom/sun/tools/javac/code/Symbol;)Z @ 14
Event: 8900.760 Thread 0x000000001c3b3000 Uncommon trap: reason=unstable_if action=reinterpret pc=0x0000000004c28104 method=com.sun.tools.javac.jvm.ClassWriter.adjustFlags(J)I @ 10
Event: 8900.770 Thread 0x000000001c3b3000 Uncommon trap: reason=unstable_if action=reinterpret pc=0x0000000004a6e430 method=com.sun.tools.javac.model.FilteredMemberList.unwanted(Lcom/sun/tools/javac/code/Symbol;)Z @ 14
Event: 8900.770 Thread 0x000000001c3b3000 Uncommon trap: reason=unstable_if action=reinterpret pc=0x0000000004c349cc method=com.sun.tools.javac.jvm.Gen.checkDimension(Lcom/sun/tools/javac/util/JCDiagnostic$DiagnosticPosition;Lcom/sun/tools/javac/code/Type;)V @ 54
Event: 8900.948 Thread 0x000000001c3b3000 Uncommon trap: reason=class_check action=maybe_recompile pc=0x0000000004ab57fc method=com.sun.tools.javac.comp.Attr.attribLazyConstantValue(Lcom/sun/tools/javac/comp/Env;Lcom/sun/tools/javac/tree/JCTree$JCVariableDecl;Lcom/sun/tools/javac/code/Type;)Ljava
Event: 8901.095 Thread 0x000000001c3b3000 Uncommon trap: reason=unstable_if action=reinterpret pc=0x0000000003cff94c method=com.sun.tools.javac.code.Scope.dble()V @ 44

Classes redefined (0 events):
No events

Internal exceptions (10 events):
Event: 3892.354 Thread 0x000000001c3b0000 Exception <a 'sun/nio/fs/WindowsException'> (0x00000000f70da7d0) thrown at [D:\src\AOSP-openjdk-cygwin\jdk8u\hotspot\src\share\vm\prims\jni.cpp, line 710]
Event: 3918.108 Thread 0x000000001c3ae800 Implicit null exception at 0x00000000036fc5da to 0x00000000036fc62d
Event: 3921.029 Thread 0x000000001c3b0000 Exception <a 'sun/nio/fs/WindowsException'> (0x00000000ec92caf0) thrown at [D:\src\AOSP-openjdk-cygwin\jdk8u\hotspot\src\share\vm\prims\jni.cpp, line 710]
Event: 3955.705 Thread 0x000000001c3b0000 Exception <a 'sun/nio/fs/WindowsException'> (0x00000000e1b64188) thrown at [D:\src\AOSP-openjdk-cygwin\jdk8u\hotspot\src\share\vm\prims\jni.cpp, line 710]
Event: 6414.135 Thread 0x000000002032c000 Exception <a 'sun/nio/fs/WindowsException'> (0x00000000f0ece810) thrown at [D:\src\AOSP-openjdk-cygwin\jdk8u\hotspot\src\share\vm\prims\jni.cpp, line 710]
Event: 6469.325 Thread 0x000000002032c000 Exception <a 'sun/nio/fs/WindowsException'> (0x00000000e61c5ac0) thrown at [D:\src\AOSP-openjdk-cygwin\jdk8u\hotspot\src\share\vm\prims\jni.cpp, line 710]
Event: 8890.917 Thread 0x000000001c3b3000 Implicit null exception at 0x0000000004c78016 to 0x0000000004c781f9
Event: 8890.942 Thread 0x000000001c3b3000 Implicit null exception at 0x0000000004c75184 to 0x0000000004c75335
Event: 8897.568 Thread 0x000000001c3b3000 Implicit null exception at 0x000000000453103a to 0x000000000453174d
Event: 8900.543 Thread 0x000000001c3b3000 Implicit null exception at 0x0000000004cd318f to 0x0000000004cd3219

Events (10 events):
Event: 8908.244 Thread 0x000000001c3b3000 DEOPT PACKING pc=0x0000000004b4af1d sp=0x000000002782b4d0
Event: 8908.244 Thread 0x000000001c3b3000 DEOPT UNPACKING pc=0x00000000026975d0 sp=0x000000002782b288 mode 0
Event: 8908.364 Thread 0x000000001c3b3000 DEOPT PACKING pc=0x0000000004b16556 sp=0x000000002782aff0
Event: 8908.364 Thread 0x000000001c3b3000 DEOPT UNPACKING pc=0x00000000026975d0 sp=0x000000002782afe8 mode 0
Event: 8908.485 Thread 0x000000001c3b3000 DEOPT PACKING pc=0x0000000004b4ae80 sp=0x000000002782b4d0
Event: 8908.485 Thread 0x000000001c3b3000 DEOPT UNPACKING pc=0x00000000026975d0 sp=0x000000002782b288 mode 0
Event: 8908.488 Thread 0x000000001c3b3000 DEOPT PACKING pc=0x0000000004b4ae80 sp=0x000000002782b4d0
Event: 8908.488 Thread 0x000000001c3b3000 DEOPT UNPACKING pc=0x00000000026975d0 sp=0x000000002782b288 mode 0
Event: 20896.916 Thread 0x000000001c3b3000 DEOPT PACKING pc=0x0000000004b16556 sp=0x000000002782aff0
Event: 20896.916 Thread 0x000000001c3b3000 DEOPT UNPACKING pc=0x00000000026975d0 sp=0x000000002782afe8 mode 0


Dynamic libraries:
0x00007ff6112d0000 - 0x00007ff611301000 	C:\Program Files\Android\Android Studio\jre\bin\java.exe
0x00007ffa2e7e0000 - 0x00007ffa2e9d0000 	C:\Windows\SYSTEM32\ntdll.dll
0x00007ffa2e6e0000 - 0x00007ffa2e792000 	C:\Windows\System32\KERNEL32.DLL
0x00007ffa2b920000 - 0x00007ffa2bbc3000 	C:\Windows\System32\KERNELBASE.dll
0x00007ffa2c890000 - 0x00007ffa2c933000 	C:\Windows\System32\ADVAPI32.dll
0x00007ffa2ca20000 - 0x00007ffa2cabe000 	C:\Windows\System32\msvcrt.dll
0x00007ffa2cb30000 - 0x00007ffa2cbc7000 	C:\Windows\System32\sechost.dll
0x00007ffa2d620000 - 0x00007ffa2d740000 	C:\Windows\System32\RPCRT4.dll
0x00007ffa2d9c0000 - 0x00007ffa2db54000 	C:\Windows\System32\USER32.dll
0x00007ffa2bdc0000 - 0x00007ffa2bde1000 	C:\Windows\System32\win32u.dll
0x00007ffa2e4f0000 - 0x00007ffa2e516000 	C:\Windows\System32\GDI32.dll
0x00007ffa2c570000 - 0x00007ffa2c704000 	C:\Windows\System32\gdi32full.dll
0x00007ffa2bcd0000 - 0x00007ffa2bd6e000 	C:\Windows\System32\msvcp_win.dll
0x00007ffa2bbd0000 - 0x00007ffa2bcca000 	C:\Windows\System32\ucrtbase.dll
0x00007ffa194e0000 - 0x00007ffa19765000 	C:\Windows\WinSxS\amd64_microsoft.windows.common-controls_6595b64144ccf1df_6.0.18362.592_none_e6c0b1911312be02\COMCTL32.dll
0x00007ffa2db90000 - 0x00007ffa2dec6000 	C:\Windows\System32\combase.dll
0x00007ffa2b820000 - 0x00007ffa2b8a0000 	C:\Windows\System32\bcryptPrimitives.dll
0x00007ffa2db60000 - 0x00007ffa2db8e000 	C:\Windows\System32\IMM32.DLL
0x0000000068620000 - 0x00000000686f2000 	C:\Program Files\Android\Android Studio\jre\jre\bin\msvcr100.dll
0x0000000068af0000 - 0x0000000069336000 	C:\Program Files\Android\Android Studio\jre\jre\bin\server\jvm.dll
0x00007ffa2e5a0000 - 0x00007ffa2e5a8000 	C:\Windows\System32\PSAPI.DLL
0x00007ffa26ff0000 - 0x00007ffa26ffa000 	C:\Windows\SYSTEM32\VERSION.dll
0x00007ffa26630000 - 0x00007ffa26654000 	C:\Windows\SYSTEM32\WINMM.dll
0x00007ffa20ce0000 - 0x00007ffa20ce9000 	C:\Windows\SYSTEM32\WSOCK32.dll
0x00007ffa26600000 - 0x00007ffa2662d000 	C:\Windows\SYSTEM32\winmmbase.dll
0x00007ffa2d500000 - 0x00007ffa2d56f000 	C:\Windows\System32\WS2_32.dll
0x00007ffa2bd70000 - 0x00007ffa2bdba000 	C:\Windows\System32\cfgmgr32.dll
0x00007ffa201c0000 - 0x00007ffa201cf000 	C:\Program Files\Android\Android Studio\jre\jre\bin\verify.dll
0x00007ffa0a790000 - 0x00007ffa0a7b9000 	C:\Program Files\Android\Android Studio\jre\jre\bin\java.dll
0x00007ffa0e7c0000 - 0x00007ffa0e7d6000 	C:\Program Files\Android\Android Studio\jre\jre\bin\zip.dll
0x00007ffa2cde0000 - 0x00007ffa2d4c5000 	C:\Windows\System32\SHELL32.dll
0x00007ffa2d570000 - 0x00007ffa2d619000 	C:\Windows\System32\shcore.dll
0x00007ffa2bdf0000 - 0x00007ffa2c56f000 	C:\Windows\System32\windows.storage.dll
0x00007ffa2b750000 - 0x00007ffa2b76f000 	C:\Windows\System32\profapi.dll
0x00007ffa2b6e0000 - 0x00007ffa2b72a000 	C:\Windows\System32\powrprof.dll
0x00007ffa2b6b0000 - 0x00007ffa2b6c0000 	C:\Windows\System32\UMPDC.dll
0x00007ffa2c9c0000 - 0x00007ffa2ca12000 	C:\Windows\System32\shlwapi.dll
0x00007ffa2b6c0000 - 0x00007ffa2b6d1000 	C:\Windows\System32\kernel.appcore.dll
0x00007ffa2b8a0000 - 0x00007ffa2b8b7000 	C:\Windows\System32\cryptsp.dll
0x00007ffa0e470000 - 0x00007ffa0e48a000 	C:\Program Files\Android\Android Studio\jre\jre\bin\net.dll
0x00007ffa2ae70000 - 0x00007ffa2aed7000 	C:\Windows\system32\mswsock.dll
0x00007ffa0b040000 - 0x00007ffa0b051000 	C:\Program Files\Android\Android Studio\jre\jre\bin\nio.dll
0x00007ffa0e900000 - 0x00007ffa0e926000 	C:\Users\DevSandy\.gradle\native\29\windows-amd64\native-platform.dll
0x00007ffa1df10000 - 0x00007ffa1df1d000 	C:\Program Files\Android\Android Studio\jre\jre\bin\management.dll
0x00007ffa2a9f0000 - 0x00007ffa2aa23000 	C:\Windows\system32\rsaenh.dll
0x00007ffa2c860000 - 0x00007ffa2c886000 	C:\Windows\System32\bcrypt.dll
0x00007ffa2b5d0000 - 0x00007ffa2b5f5000 	C:\Windows\SYSTEM32\USERENV.dll
0x00007ffa2aff0000 - 0x00007ffa2affc000 	C:\Windows\SYSTEM32\CRYPTBASE.dll
0x00007ffa2ab90000 - 0x00007ffa2abca000 	C:\Windows\SYSTEM32\IPHLPAPI.DLL
0x00007ffa2cb20000 - 0x00007ffa2cb28000 	C:\Windows\System32\NSI.dll
0x00007ffa24ee0000 - 0x00007ffa24ef6000 	C:\Windows\SYSTEM32\dhcpcsvc6.DLL
0x00007ffa24ec0000 - 0x00007ffa24edc000 	C:\Windows\SYSTEM32\dhcpcsvc.DLL
0x00007ffa2abd0000 - 0x00007ffa2ac9a000 	C:\Windows\SYSTEM32\DNSAPI.dll
0x00007ffa1d570000 - 0x00007ffa1d764000 	C:\Windows\SYSTEM32\dbghelp.dll

VM Arguments:
jvm_args: -Xmx1536m -Dfile.encoding=windows-1252 -Duser.country=IN -Duser.language=en -Duser.variant 
java_command: org.gradle.launcher.daemon.bootstrap.GradleDaemon 5.4.1
java_class_path (initial): C:\Users\DevSandy\.gradle\wrapper\dists\gradle-5.4.1-all\3221gyojl5jsh0helicew7rwx\gradle-5.4.1\lib\gradle-launcher-5.4.1.jar
Launcher Type: SUN_STANDARD

Environment Variables:
JAVA_HOME=C:\Program Files\Java\jdk-13.0.1
PATH=C:\Program Files (x86)\Common Files\Oracle\Java\javapath;C:\ProgramData\DockerDesktop\version-bin;C:\Program Files\Docker\Docker\Resources\bin;C:\Windows\system32;C:\Windows;C:\Windows\System32\Wbem;C:\Windows\System32\WindowsPowerShell\v1.0\;C:\Windows\System32\OpenSSH\;C:\Program Files\Java\jdk-13.0.1\bin;C:\Program Files\dotnet\;C:\Program Files\Microsoft SQL Server\130\Tools\Binn\;C:\Program Files\Microsoft SQL Server\Client SDK\ODBC\170\Tools\Binn\;C:\Program Files\Microsoft SQL Server\Client SDK\ODBC\130\Tools\Binn\;C:\Program Files (x86)\Microsoft SQL Server\140\Tools\Binn\;C:\Program Files\Microsoft SQL Server\140\Tools\Binn\;C:\Program Files\Microsoft SQL Server\140\DTS\Binn\;C:\Program Files (x86)\Microsoft SQL Server\150\DTS\Binn\;C:\Program Files (x86)\Brackets\command;C:\OpenSSL-Win64\bin;C:\Program Files (x86)\Java\jre1.8.0_221\bin;C:\Program Files\Java\jdk-13.0.1\bin;C:\Windows\System32\cmd.exe;C:\Program Files (x86)\CodeBlocks\MinGW\bin;C:\ProgramData\chocolatey\bin;C:\Program Files\Git\cmd;C:\Users\DevSandy\flutter\bin;C:\Program Files\nodejs\;C:\Users\DevSandy\.windows-build-tools\python27\;C:\Users\DevSandy\AppData\Local\Programs\Python\Python37\Scripts\;C:\Users\DevSandy\AppData\Local\Programs\Python\Python37\;C:\Users\DevSandy\AppData\Local\Microsoft\WindowsApps;C:\Program Files\JetBrains\PyCharm 2019.2.4\bin;C:\Users\DevSandy\AppData\Roaming\npm;C:\Users\DevSandy\AppData\Local\Programs\Microsoft VS Code\bin
USERNAME=DevSandy
OS=Windows_NT
PROCESSOR_IDENTIFIER=Intel64 Family 6 Model 142 Stepping 10, GenuineIntel



---------------  S Y S T E M  ---------------

OS: Windows 10.0 , 64 bit Build 18362 (10.0.18362.329)

CPU:total 8 (initial active 8) (4 cores per cpu, 2 threads per core) family 6 model 142 stepping 10, cmov, cx8, fxsr, mmx, sse, sse2, sse3, ssse3, sse4.1, sse4.2, popcnt, avx, avx2, aes, clmul, erms, 3dnowpref, lzcnt, ht, tsc, tscinvbit, bmi1, bmi2, adx

Memory: 4k page, physical 8295652k(1615568k free), swap 29934368k(20662516k free)

vm_info: OpenJDK 64-Bit Server VM (25.202-b03) for windows-amd64 JRE (1.8.0_202-release-1483-b03), built by "builder" with MS VC++ 10.0 (VS2010)

time: Mon Feb 17 16:38:49 2020
timezone: India Standard Time
elapsed time: 20903 seconds (0d 5h 48m 23s)

